----> Enqueuing command to execute: module load plgrid/libs/opencv/3.2.0
----> Enqueuing command to execute: module load plgrid/tools/python/2.7.14
----> Enqueuing command to execute: module load plgrid/libs/tensorflow-cpu/1.10.0-python-2.7
----> Enqueuing command to execute: export LD_LIBRARY_PATH=$SCRATCH/cuda/lib64:$LD_LIBRARY_PATH
----> Enqueuing command to execute: python2.7 -m pip install --user virtualenv
----> Enqueuing command to execute: python2.7 -m virtualenv --system-site-packages /net/scratch/people/plgsfurman/custom_filtered/plgrid-slurm-gpu/simulation/env
----> Enqueuing command to execute: source /net/scratch/people/plgsfurman/custom_filtered/plgrid-slurm-gpu/simulation/env/bin/activate
----> Enqueuing command to execute: /net/scratch/people/plgsfurman/custom_filtered/plgrid-slurm-gpu/simulation/env/bin/pip install keras
----> Enqueuing command to execute: /net/scratch/people/plgsfurman/custom_filtered/plgrid-slurm-gpu/simulation/env/bin/pip install scipy
----> Enqueuing command to execute: /net/scratch/people/plgsfurman/custom_filtered/plgrid-slurm-gpu/simulation/env/bin/pip install numpy
----> Enqueuing command to execute: /net/scratch/people/plgsfurman/custom_filtered/plgrid-slurm-gpu/simulation/env/bin/pip install scikit-learn
----> Enqueuing command to execute: /net/scratch/people/plgsfurman/custom_filtered/plgrid-slurm-gpu/simulation/env/bin/pip install matplotlib
----> Enqueuing command to execute: /net/scratch/people/plgsfurman/custom_filtered/plgrid-slurm-gpu/simulation/env/bin/pip install configparser
----> Enqueuing command to execute: /net/scratch/people/plgsfurman/custom_filtered/plgrid-slurm-gpu/simulation/env/bin/pip install imutils
----> Enqueuing command to execute: /net/scratch/people/plgsfurman/custom_filtered/plgrid-slurm-gpu/simulation/env/bin/pip install opencv-python-headless
----> Enqueuing command to execute: /net/scratch/people/plgsfurman/custom_filtered/plgrid-slurm-gpu/simulation/env/bin/python2.7 /net/scratch/people/plgsfurman/custom_filtered/plgrid-slurm-gpu/simulation/TrainNetwork.py
----> Executing enqueued commands: module load plgrid/libs/opencv/3.2.0 && module load plgrid/tools/python/2.7.14 && module load plgrid/libs/tensorflow-cpu/1.10.0-python-2.7 && export LD_LIBRARY_PATH=$SCRATCH/cuda/lib64:$LD_LIBRARY_PATH && python2.7 -m pip install --user virtualenv && python2.7 -m virtualenv --system-site-packages /net/scratch/people/plgsfurman/custom_filtered/plgrid-slurm-gpu/simulation/env && source /net/scratch/people/plgsfurman/custom_filtered/plgrid-slurm-gpu/simulation/env/bin/activate && /net/scratch/people/plgsfurman/custom_filtered/plgrid-slurm-gpu/simulation/env/bin/pip install keras && /net/scratch/people/plgsfurman/custom_filtered/plgrid-slurm-gpu/simulation/env/bin/pip install scipy && /net/scratch/people/plgsfurman/custom_filtered/plgrid-slurm-gpu/simulation/env/bin/pip install numpy && /net/scratch/people/plgsfurman/custom_filtered/plgrid-slurm-gpu/simulation/env/bin/pip install scikit-learn && /net/scratch/people/plgsfurman/custom_filtered/plgrid-slurm-gpu/simulation/env/bin/pip install matplotlib && /net/scratch/people/plgsfurman/custom_filtered/plgrid-slurm-gpu/simulation/env/bin/pip install configparser && /net/scratch/people/plgsfurman/custom_filtered/plgrid-slurm-gpu/simulation/env/bin/pip install imutils && /net/scratch/people/plgsfurman/custom_filtered/plgrid-slurm-gpu/simulation/env/bin/pip install opencv-python-headless && /net/scratch/people/plgsfurman/custom_filtered/plgrid-slurm-gpu/simulation/env/bin/python2.7 /net/scratch/people/plgsfurman/custom_filtered/plgrid-slurm-gpu/simulation/TrainNetwork.py
 plgrid/libs/codecs/1.0 loaded.
 plgrid/tools/yasm/1.3.0 loaded.
 plgrid/tools/ffmpeg/3.2.2 loaded.
 plgrid/libs/qt/5.4.1 loaded.
 plgrid/libs/mkl/11.3.1 loaded.
 plgrid/tools/gcc/4.9.2 loaded.
 plgrid/tools/intel/15.0.2 loaded.
 plgrid/tools/python/2.7.9 loaded.
 plgrid/apps/cuda/7.5 loaded.
 plgrid/libs/opencv/3.2.0 loaded.
-------------------------------------------------------------------------------
There are messages associated with the following module(s):
-------------------------------------------------------------------------------

plgrid/tools/intel/15.0.2:
   This module is deprecated and it is going to be removed from the system
   in near future. Please switch to a newer compiler, at least version
   17.0.5.

-------------------------------------------------------------------------------

 plgrid/libs/qt/5.4.1 unloaded.
 plgrid/libs/mkl/11.3.1 unloaded.
 plgrid/tools/gcc/4.9.2 unloaded.
 plgrid/tools/intel/15.0.2 unloaded.
 plgrid/tools/python/2.7.9 unloaded.
 plgrid/tools/gcc/6.4.0 loaded.
 plgrid/tools/intel/18.0.0 loaded.
 plgrid/libs/mkl/2018.0.0 loaded.
*********WARNING*********
    To use TensorFlow with GPU you need to have your own cuDNN 7 libraries
    and add its path to variabele LD_LIBRARY_PATH:
    export LD_LIBRARY_PATH=/path/to/cudnn/libraries:$LD_LIBRARY_PATH 
 plgrid/tools/python/2.7.14 loaded.

The following have been reloaded with a version change:
  1) plgrid/libs/mkl/11.3.1 => plgrid/libs/mkl/2018.0.0
  2) plgrid/tools/gcc/4.9.2 => plgrid/tools/gcc/6.4.0
  3) plgrid/tools/intel/15.0.2 => plgrid/tools/intel/18.0.0
  4) plgrid/tools/python/2.7.9 => plgrid/tools/python/2.7.14

 plgrid/tools/impi/2018 loaded.
 plgrid/libs/tensorflow-cpu/1.10.0-python-2.7 loaded.
Requirement already satisfied: virtualenv in /net/software/local/python/2.7.14/lib/python2.7/site-packages (16.0.0)
New python executable in /net/scratch/people/plgsfurman/custom_filtered/plgrid-slurm-gpu/simulation/env/bin/python2.7
Not overwriting existing python script /net/scratch/people/plgsfurman/custom_filtered/plgrid-slurm-gpu/simulation/env/bin/python (you must use /net/scratch/people/plgsfurman/custom_filtered/plgrid-slurm-gpu/simulation/env/bin/python2.7)
Installing setuptools, pip, wheel...done.
Requirement already satisfied: keras in /net/software/local/python/2.7.14/lib/python2.7/site-packages (2.1.6)
Requirement already satisfied: h5py in /net/software/local/python/2.7.14/lib/python2.7/site-packages (from keras) (2.7.1)
Requirement already satisfied: pyyaml in /net/software/local/python/2.7.14/lib/python2.7/site-packages (from keras) (3.12)
Requirement already satisfied: six>=1.9.0 in /net/software/local/python/2.7.14/lib/python2.7/site-packages (from keras) (1.11.0)
Requirement already satisfied: numpy>=1.9.1 in /net/software/local/python/2.7.14/lib/python2.7/site-packages/numpy-1.14.0-py2.7-linux-x86_64.egg (from keras) (1.14.0)
Requirement already satisfied: scipy>=0.14 in /net/software/local/python/2.7.14/lib/python2.7/site-packages/scipy-1.1.0-py2.7-linux-x86_64.egg (from keras) (1.1.0)
Requirement already satisfied: scipy in /net/software/local/python/2.7.14/lib/python2.7/site-packages/scipy-1.1.0-py2.7-linux-x86_64.egg (1.1.0)
Requirement already satisfied: numpy in /net/software/local/python/2.7.14/lib/python2.7/site-packages/numpy-1.14.0-py2.7-linux-x86_64.egg (1.14.0)
Requirement already satisfied: scikit-learn in /net/software/local/python/2.7.14/lib/python2.7/site-packages (0.19.1)
Requirement already satisfied: matplotlib in /net/software/local/python/2.7.14/lib/python2.7/site-packages (2.2.2)
Requirement already satisfied: python-dateutil>=2.1 in /net/software/local/python/2.7.14/lib/python2.7/site-packages (from matplotlib) (2.7.2)
Requirement already satisfied: cycler>=0.10 in /net/software/local/python/2.7.14/lib/python2.7/site-packages (from matplotlib) (0.10.0)
Requirement already satisfied: subprocess32 in /net/software/local/python/2.7.14/lib/python2.7/site-packages (from matplotlib) (3.2.7)
Requirement already satisfied: pytz in /net/software/local/python/2.7.14/lib/python2.7/site-packages (from matplotlib) (2018.4)
Requirement already satisfied: six>=1.10 in /net/software/local/python/2.7.14/lib/python2.7/site-packages (from matplotlib) (1.11.0)
Requirement already satisfied: backports.functools-lru-cache in /net/software/local/python/2.7.14/lib/python2.7/site-packages (from matplotlib) (1.5)
Requirement already satisfied: pyparsing!=2.0.4,!=2.1.2,!=2.1.6,>=2.0.1 in /net/software/local/python/2.7.14/lib/python2.7/site-packages (from matplotlib) (2.2.0)
Requirement already satisfied: numpy>=1.7.1 in /net/software/local/python/2.7.14/lib/python2.7/site-packages/numpy-1.14.0-py2.7-linux-x86_64.egg (from matplotlib) (1.14.0)
Requirement already satisfied: kiwisolver>=1.0.1 in /net/software/local/python/2.7.14/lib/python2.7/site-packages (from matplotlib) (1.0.1)
Requirement already satisfied: setuptools in /net/scratch/people/plgsfurman/custom_filtered/plgrid-slurm-gpu/simulation/env/lib/python2.7/site-packages (from kiwisolver>=1.0.1->matplotlib) (40.6.2)
Requirement already satisfied: configparser in /net/software/local/python/2.7.14/lib/python2.7/site-packages (3.5.0)
Requirement already satisfied: imutils in /net/scratch/people/plgsfurman/custom_filtered/plgrid-slurm-gpu/simulation/env/lib/python2.7/site-packages (0.5.1)
Requirement already satisfied: opencv-python-headless in /net/scratch/people/plgsfurman/custom_filtered/plgrid-slurm-gpu/simulation/env/lib/python2.7/site-packages (3.4.3.18)
Requirement already satisfied: numpy>=1.11.1 in /net/software/local/python/2.7.14/lib/python2.7/site-packages/numpy-1.14.0-py2.7-linux-x86_64.egg (from opencv-python-headless) (1.14.0)
/net/software/local/python/2.7.14/lib/python2.7/site-packages/h5py/__init__.py:36: FutureWarning: Conversion of the second argument of issubdtype from `float` to `np.floating` is deprecated. In future, it will be treated as `np.float64 == np.dtype(float).type`.
  from ._conv import register_converters as _register_converters
Using TensorFlow backend.
2018-11-23 20:07:04.863742: I tensorflow/core/common_runtime/process_util.cc:69] Creating new thread pool with default inter op setting: 2. Tune using inter_op_parallelism_threads for best performance.
printing images
images printed
del images and labels
[INFO] compiling model...
[INFO] training network...
Epoch 1/100

1/2 [==============>...............] - ETA: 13s - loss: 1.0946 - acc: 0.4624
2/2 [==============================] - 39s 19s/step - loss: 5.9921 - acc: 0.4299 - val_loss: 8.6974 - val_acc: 0.4604
Epoch 2/100

1/2 [==============>...............] - ETA: 20s - loss: 8.6257 - acc: 0.4648
2/2 [==============================] - 34s 17s/step - loss: 8.2036 - acc: 0.4910 - val_loss: 8.6974 - val_acc: 0.4604
Epoch 3/100

1/2 [==============>...............] - ETA: 16s - loss: 8.8146 - acc: 0.4531
2/2 [==============================] - 42s 21s/step - loss: 9.1609 - acc: 0.4316 - val_loss: 8.6974 - val_acc: 0.4604
Epoch 4/100

1/2 [==============>...............] - ETA: 17s - loss: 8.9405 - acc: 0.4453
2/2 [==============================] - 30s 15s/step - loss: 9.0440 - acc: 0.4389 - val_loss: 8.6974 - val_acc: 0.4604
Epoch 5/100

1/2 [==============>...............] - ETA: 19s - loss: 8.8146 - acc: 0.4531
2/2 [==============================] - 43s 22s/step - loss: 9.2553 - acc: 0.4258 - val_loss: 8.6974 - val_acc: 0.4604
Epoch 6/100

1/2 [==============>...............] - ETA: 6s - loss: 8.1457 - acc: 0.4946
2/2 [==============================] - 32s 16s/step - loss: 8.3139 - acc: 0.4842 - val_loss: 8.6974 - val_acc: 0.4604
Epoch 7/100

1/2 [==============>...............] - ETA: 17s - loss: 8.4998 - acc: 0.4727
2/2 [==============================] - 41s 21s/step - loss: 8.9405 - acc: 0.4453 - val_loss: 8.6974 - val_acc: 0.4604
Epoch 8/100

1/2 [==============>...............] - ETA: 8s - loss: 8.8390 - acc: 0.4516
2/2 [==============================] - 34s 17s/step - loss: 8.8249 - acc: 0.4525 - val_loss: 8.6974 - val_acc: 0.4604
Epoch 9/100

1/2 [==============>...............] - ETA: 17s - loss: 9.1294 - acc: 0.4336
2/2 [==============================] - 32s 16s/step - loss: 8.9336 - acc: 0.4457 - val_loss: 8.6974 - val_acc: 0.4604
Epoch 10/100

1/2 [==============>...............] - ETA: 18s - loss: 8.8775 - acc: 0.4492
2/2 [==============================] - 40s 20s/step - loss: 9.0035 - acc: 0.4414 - val_loss: 8.6974 - val_acc: 0.4604
Epoch 11/100

1/2 [==============>...............] - ETA: 8s - loss: 8.4923 - acc: 0.4731
2/2 [==============================] - 34s 17s/step - loss: 9.1515 - acc: 0.4322 - val_loss: 8.6974 - val_acc: 0.4604
Epoch 12/100

1/2 [==============>...............] - ETA: 16s - loss: 8.2479 - acc: 0.4883
2/2 [==============================] - 31s 16s/step - loss: 8.4974 - acc: 0.4728 - val_loss: 8.6974 - val_acc: 0.4604
Epoch 13/100

1/2 [==============>...............] - ETA: 19s - loss: 9.2553 - acc: 0.4258
2/2 [==============================] - 31s 15s/step - loss: 8.6406 - acc: 0.4639 - val_loss: 8.6974 - val_acc: 0.4604
Epoch 14/100

1/2 [==============>...............] - ETA: 20s - loss: 9.0035 - acc: 0.4414
2/2 [==============================] - 36s 18s/step - loss: 9.5925 - acc: 0.4049 - val_loss: 8.6974 - val_acc: 0.4604
Epoch 15/100

1/2 [==============>...............] - ETA: 16s - loss: 8.4998 - acc: 0.4727
2/2 [==============================] - 46s 23s/step - loss: 8.6572 - acc: 0.4629 - val_loss: 8.6974 - val_acc: 0.4604
Epoch 16/100

1/2 [==============>...............] - ETA: 15s - loss: 8.4368 - acc: 0.4766
2/2 [==============================] - 37s 19s/step - loss: 8.9720 - acc: 0.4434 - val_loss: 8.6974 - val_acc: 0.4604
Epoch 17/100

1/2 [==============>...............] - ETA: 7s - loss: 8.6656 - acc: 0.4624
2/2 [==============================] - 34s 17s/step - loss: 8.7881 - acc: 0.4548 - val_loss: 8.6974 - val_acc: 0.4604
Epoch 18/100

1/2 [==============>...............] - ETA: 6s - loss: 7.9724 - acc: 0.5054
2/2 [==============================] - 33s 17s/step - loss: 8.7501 - acc: 0.4571 - val_loss: 8.6974 - val_acc: 0.4604
Epoch 19/100

1/2 [==============>...............] - ETA: 7s - loss: 8.1457 - acc: 0.4946
2/2 [==============================] - 29s 15s/step - loss: 8.5686 - acc: 0.4684 - val_loss: 8.6974 - val_acc: 0.4604
Epoch 20/100

1/2 [==============>...............] - ETA: 20s - loss: 9.2553 - acc: 0.4258
2/2 [==============================] - 42s 21s/step - loss: 9.0664 - acc: 0.4375 - val_loss: 8.6974 - val_acc: 0.4604
Epoch 21/100

1/2 [==============>...............] - ETA: 6s - loss: 9.1856 - acc: 0.4301
2/2 [==============================] - 33s 17s/step - loss: 9.0076 - acc: 0.4412 - val_loss: 8.6974 - val_acc: 0.4604
Epoch 22/100

1/2 [==============>...............] - ETA: 7s - loss: 8.8390 - acc: 0.4516
2/2 [==============================] - 29s 14s/step - loss: 9.0432 - acc: 0.4389 - val_loss: 8.6974 - val_acc: 0.4604
Epoch 23/100

1/2 [==============>...............] - ETA: 19s - loss: 8.6887 - acc: 0.4609
2/2 [==============================] - 42s 21s/step - loss: 9.2238 - acc: 0.4277 - val_loss: 8.6974 - val_acc: 0.4604
Epoch 24/100

1/2 [==============>...............] - ETA: 6s - loss: 8.1457 - acc: 0.4946
2/2 [==============================] - 32s 16s/step - loss: 8.2775 - acc: 0.4864 - val_loss: 8.6974 - val_acc: 0.4604
Epoch 25/100

1/2 [==============>...............] - ETA: 16s - loss: 9.1294 - acc: 0.4336
2/2 [==============================] - 37s 19s/step - loss: 9.2238 - acc: 0.4277 - val_loss: 8.6974 - val_acc: 0.4604
Epoch 26/100

1/2 [==============>...............] - ETA: 7s - loss: 7.2791 - acc: 0.5484
2/2 [==============================] - 34s 17s/step - loss: 8.0572 - acc: 0.5001 - val_loss: 8.6974 - val_acc: 0.4604
Epoch 27/100

1/2 [==============>...............] - ETA: 7s - loss: 9.3589 - acc: 0.4194
2/2 [==============================] - 34s 17s/step - loss: 9.1899 - acc: 0.4298 - val_loss: 8.6974 - val_acc: 0.4604
Epoch 28/100

1/2 [==============>...............] - ETA: 15s - loss: 9.2553 - acc: 0.4258
2/2 [==============================] - 37s 18s/step - loss: 8.8775 - acc: 0.4492 - val_loss: 8.6974 - val_acc: 0.4604
Epoch 29/100

1/2 [==============>...............] - ETA: 7s - loss: 9.1856 - acc: 0.4301
2/2 [==============================] - 35s 17s/step - loss: 8.9712 - acc: 0.4434 - val_loss: 8.6974 - val_acc: 0.4604
Epoch 30/100

1/2 [==============>...............] - ETA: 16s - loss: 9.2553 - acc: 0.4258
2/2 [==============================] - 31s 15s/step - loss: 8.8600 - acc: 0.4503 - val_loss: 8.6974 - val_acc: 0.4604
Epoch 31/100

1/2 [==============>...............] - ETA: 8s - loss: 8.3190 - acc: 0.4839
2/2 [==============================] - 32s 16s/step - loss: 8.5326 - acc: 0.4706 - val_loss: 8.6974 - val_acc: 0.4604
Epoch 32/100

1/2 [==============>...............] - ETA: 19s - loss: 9.3812 - acc: 0.4180
2/2 [==============================] - 33s 16s/step - loss: 9.6645 - acc: 0.4004 - val_loss: 8.6974 - val_acc: 0.4604
Epoch 33/100

1/2 [==============>...............] - ETA: 16s - loss: 8.5627 - acc: 0.4688
2/2 [==============================] - 43s 21s/step - loss: 8.7201 - acc: 0.4590 - val_loss: 8.6974 - val_acc: 0.4604
Epoch 34/100

1/2 [==============>...............] - ETA: 17s - loss: 8.7516 - acc: 0.4570
2/2 [==============================] - 29s 15s/step - loss: 8.7153 - acc: 0.4593 - val_loss: 8.6974 - val_acc: 0.4604
Epoch 35/100

1/2 [==============>...............] - ETA: 19s - loss: 9.1924 - acc: 0.4297
2/2 [==============================] - 43s 22s/step - loss: 8.9090 - acc: 0.4473 - val_loss: 8.6974 - val_acc: 0.4604
Epoch 36/100

1/2 [==============>...............] - ETA: 6s - loss: 10.0521 - acc: 0.3763
2/2 [==============================] - 32s 16s/step - loss: 9.3370 - acc: 0.4207 - val_loss: 8.6974 - val_acc: 0.4604
Epoch 37/100

1/2 [==============>...............] - ETA: 16s - loss: 8.6887 - acc: 0.4609
2/2 [==============================] - 29s 14s/step - loss: 8.7521 - acc: 0.4570 - val_loss: 8.6974 - val_acc: 0.4604
Epoch 38/100

1/2 [==============>...............] - ETA: 19s - loss: 9.1924 - acc: 0.4297
2/2 [==============================] - 33s 16s/step - loss: 9.1895 - acc: 0.4299 - val_loss: 8.6974 - val_acc: 0.4604
Epoch 39/100

1/2 [==============>...............] - ETA: 15s - loss: 9.1294 - acc: 0.4336
2/2 [==============================] - 41s 21s/step - loss: 8.8775 - acc: 0.4492 - val_loss: 8.6974 - val_acc: 0.4604
Epoch 40/100

1/2 [==============>...............] - ETA: 16s - loss: 8.8775 - acc: 0.4492
2/2 [==============================] - 38s 19s/step - loss: 8.7201 - acc: 0.4590 - val_loss: 8.6974 - val_acc: 0.4604
Epoch 41/100

1/2 [==============>...............] - ETA: 8s - loss: 10.0521 - acc: 0.3763
2/2 [==============================] - 34s 17s/step - loss: 9.3370 - acc: 0.4207 - val_loss: 8.6974 - val_acc: 0.4604
Epoch 42/100

1/2 [==============>...............] - ETA: 18s - loss: 9.0035 - acc: 0.4414
2/2 [==============================] - 32s 16s/step - loss: 9.0072 - acc: 0.4412 - val_loss: 8.6974 - val_acc: 0.4604
Epoch 43/100

1/2 [==============>...............] - ETA: 18s - loss: 8.8775 - acc: 0.4492
2/2 [==============================] - 39s 20s/step - loss: 9.1609 - acc: 0.4316 - val_loss: 8.6974 - val_acc: 0.4604
Epoch 44/100

1/2 [==============>...............] - ETA: 7s - loss: 7.6258 - acc: 0.5269
2/2 [==============================] - 23s 11s/step - loss: 8.1457 - acc: 0.4946 - val_loss: 8.6974 - val_acc: 0.4604
Epoch 45/100

1/2 [==============>...............] - ETA: 17s - loss: 8.7516 - acc: 0.4570
2/2 [==============================] - 44s 22s/step - loss: 8.9720 - acc: 0.4434 - val_loss: 8.6974 - val_acc: 0.4604
Epoch 46/100

1/2 [==============>...............] - ETA: 16s - loss: 9.6960 - acc: 0.3984
2/2 [==============================] - 38s 19s/step - loss: 9.1294 - acc: 0.4336 - val_loss: 8.6974 - val_acc: 0.4604
Epoch 47/100

1/2 [==============>...............] - ETA: 8s - loss: 7.7991 - acc: 0.5161
2/2 [==============================] - 22s 11s/step - loss: 8.6656 - acc: 0.4624 - val_loss: 8.6974 - val_acc: 0.4604
Epoch 48/100

1/2 [==============>...............] - ETA: 17s - loss: 8.1220 - acc: 0.4961
2/2 [==============================] - 43s 22s/step - loss: 8.8146 - acc: 0.4531 - val_loss: 8.6974 - val_acc: 0.4604
Epoch 49/100

1/2 [==============>...............] - ETA: 6s - loss: 9.0123 - acc: 0.4409
2/2 [==============================] - 29s 15s/step - loss: 8.8980 - acc: 0.4479 - val_loss: 8.6974 - val_acc: 0.4604
Epoch 50/100

1/2 [==============>...............] - ETA: 19s - loss: 9.0035 - acc: 0.4414
2/2 [==============================] - 42s 21s/step - loss: 8.9405 - acc: 0.4453 - val_loss: 8.6974 - val_acc: 0.4604
Epoch 51/100

1/2 [==============>...............] - ETA: 16s - loss: 8.6887 - acc: 0.4609
2/2 [==============================] - 31s 15s/step - loss: 9.1179 - acc: 0.4343 - val_loss: 8.6974 - val_acc: 0.4604
Epoch 52/100

1/2 [==============>...............] - ETA: 17s - loss: 8.6257 - acc: 0.4648
2/2 [==============================] - 39s 20s/step - loss: 9.0664 - acc: 0.4375 - val_loss: 8.6974 - val_acc: 0.4604
Epoch 53/100

1/2 [==============>...............] - ETA: 7s - loss: 8.1457 - acc: 0.4946
2/2 [==============================] - 23s 11s/step - loss: 8.5790 - acc: 0.4677 - val_loss: 8.6974 - val_acc: 0.4604
Epoch 54/100

1/2 [==============>...............] - ETA: 17s - loss: 8.8775 - acc: 0.4492
2/2 [==============================] - 43s 21s/step - loss: 8.9090 - acc: 0.4473 - val_loss: 8.6974 - val_acc: 0.4604
Epoch 55/100

1/2 [==============>...............] - ETA: 16s - loss: 8.4998 - acc: 0.4727
2/2 [==============================] - 40s 20s/step - loss: 8.8461 - acc: 0.4512 - val_loss: 8.6974 - val_acc: 0.4604
Epoch 56/100

1/2 [==============>...............] - ETA: 8s - loss: 9.3589 - acc: 0.4194
2/2 [==============================] - 34s 17s/step - loss: 8.9352 - acc: 0.4456 - val_loss: 8.6974 - val_acc: 0.4604
Epoch 57/100

1/2 [==============>...............] - ETA: 6s - loss: 9.0123 - acc: 0.4409
2/2 [==============================] - 32s 16s/step - loss: 9.1163 - acc: 0.4344 - val_loss: 8.6974 - val_acc: 0.4604
Epoch 58/100

1/2 [==============>...............] - ETA: 17s - loss: 8.7516 - acc: 0.4570
2/2 [==============================] - 28s 14s/step - loss: 8.9348 - acc: 0.4457 - val_loss: 8.6974 - val_acc: 0.4604
Epoch 59/100

1/2 [==============>...............] - ETA: 19s - loss: 9.0035 - acc: 0.4414
2/2 [==============================] - 43s 22s/step - loss: 9.1609 - acc: 0.4316 - val_loss: 8.6974 - val_acc: 0.4604
Epoch 60/100

1/2 [==============>...............] - ETA: 6s - loss: 8.6656 - acc: 0.4624
2/2 [==============================] - 32s 16s/step - loss: 8.6426 - acc: 0.4638 - val_loss: 8.6974 - val_acc: 0.4604
Epoch 61/100

1/2 [==============>...............] - ETA: 7s - loss: 9.7055 - acc: 0.3978
2/2 [==============================] - 28s 14s/step - loss: 9.4818 - acc: 0.4117 - val_loss: 8.6974 - val_acc: 0.4604
Epoch 62/100

1/2 [==============>...............] - ETA: 20s - loss: 8.2479 - acc: 0.4883
2/2 [==============================] - 34s 17s/step - loss: 8.2779 - acc: 0.4864 - val_loss: 8.6974 - val_acc: 0.4604
Epoch 63/100

1/2 [==============>...............] - ETA: 16s - loss: 9.5072 - acc: 0.4102
2/2 [==============================] - 42s 21s/step - loss: 9.0350 - acc: 0.4395 - val_loss: 8.6974 - val_acc: 0.4604
Epoch 64/100

1/2 [==============>...............] - ETA: 15s - loss: 9.0664 - acc: 0.4375
2/2 [==============================] - 28s 14s/step - loss: 9.1899 - acc: 0.4298 - val_loss: 8.6974 - val_acc: 0.4604
Epoch 65/100

1/2 [==============>...............] - ETA: 19s - loss: 8.6257 - acc: 0.4648
2/2 [==============================] - 43s 21s/step - loss: 8.5942 - acc: 0.4668 - val_loss: 8.6974 - val_acc: 0.4604
Epoch 66/100

1/2 [==============>...............] - ETA: 7s - loss: 8.8390 - acc: 0.4516
2/2 [==============================] - 34s 17s/step - loss: 9.1159 - acc: 0.4344 - val_loss: 8.6974 - val_acc: 0.4604
Epoch 67/100

1/2 [==============>...............] - ETA: 6s - loss: 7.2791 - acc: 0.5484
2/2 [==============================] - 29s 15s/step - loss: 7.9481 - acc: 0.5069 - val_loss: 8.6974 - val_acc: 0.4604
Epoch 68/100

1/2 [==============>...............] - ETA: 20s - loss: 10.0109 - acc: 0.3789
2/2 [==============================] - 42s 21s/step - loss: 9.8534 - acc: 0.3887 - val_loss: 8.6974 - val_acc: 0.4604
Epoch 69/100

1/2 [==============>...............] - ETA: 6s - loss: 9.0123 - acc: 0.4409
2/2 [==============================] - 33s 16s/step - loss: 8.4978 - acc: 0.4728 - val_loss: 8.6974 - val_acc: 0.4604
Epoch 70/100

1/2 [==============>...............] - ETA: 18s - loss: 8.8775 - acc: 0.4492
2/2 [==============================] - 40s 20s/step - loss: 8.9720 - acc: 0.4434 - val_loss: 8.6974 - val_acc: 0.4604
Epoch 71/100

1/2 [==============>...............] - ETA: 7s - loss: 8.6656 - acc: 0.4624
2/2 [==============================] - 34s 17s/step - loss: 8.6789 - acc: 0.4615 - val_loss: 8.6974 - val_acc: 0.4604
Epoch 72/100

1/2 [==============>...............] - ETA: 16s - loss: 9.0664 - acc: 0.4375
2/2 [==============================] - 31s 16s/step - loss: 9.1167 - acc: 0.4344 - val_loss: 8.6974 - val_acc: 0.4604
Epoch 73/100

1/2 [==============>...............] - ETA: 19s - loss: 8.4998 - acc: 0.4727
2/2 [==============================] - 40s 20s/step - loss: 8.9090 - acc: 0.4473 - val_loss: 8.6974 - val_acc: 0.4604
Epoch 74/100

1/2 [==============>...............] - ETA: 7s - loss: 9.0123 - acc: 0.4409
2/2 [==============================] - 22s 11s/step - loss: 8.5790 - acc: 0.4677 - val_loss: 8.6974 - val_acc: 0.4604
Epoch 75/100

1/2 [==============>...............] - ETA: 17s - loss: 9.6960 - acc: 0.3984
2/2 [==============================] - 43s 21s/step - loss: 9.0664 - acc: 0.4375 - val_loss: 8.6974 - val_acc: 0.4604
Epoch 76/100

1/2 [==============>...............] - ETA: 6s - loss: 9.5322 - acc: 0.4086
2/2 [==============================] - 29s 15s/step - loss: 8.8992 - acc: 0.4479 - val_loss: 8.6974 - val_acc: 0.4604
Epoch 77/100

1/2 [==============>...............] - ETA: 19s - loss: 9.1924 - acc: 0.4297
2/2 [==============================] - 43s 21s/step - loss: 9.1294 - acc: 0.4336 - val_loss: 8.6974 - val_acc: 0.4604
Epoch 78/100

1/2 [==============>...............] - ETA: 17s - loss: 8.8146 - acc: 0.4531
2/2 [==============================] - 32s 16s/step - loss: 8.8249 - acc: 0.4525 - val_loss: 8.6974 - val_acc: 0.4604
Epoch 79/100

1/2 [==============>...............] - ETA: 18s - loss: 9.2553 - acc: 0.4258
2/2 [==============================] - 31s 15s/step - loss: 9.0064 - acc: 0.4412 - val_loss: 8.6974 - val_acc: 0.4604
Epoch 80/100

1/2 [==============>...............] - ETA: 19s - loss: 8.6887 - acc: 0.4609
2/2 [==============================] - 43s 21s/step - loss: 8.9720 - acc: 0.4434 - val_loss: 8.6974 - val_acc: 0.4604
Epoch 81/100

1/2 [==============>...............] - ETA: 6s - loss: 9.0123 - acc: 0.4409
2/2 [==============================] - 32s 16s/step - loss: 8.7525 - acc: 0.4570 - val_loss: 8.6974 - val_acc: 0.4604
Epoch 82/100

1/2 [==============>...............] - ETA: 16s - loss: 8.6887 - acc: 0.4609
2/2 [==============================] - 39s 19s/step - loss: 8.9405 - acc: 0.4453 - val_loss: 8.6974 - val_acc: 0.4604
Epoch 83/100

1/2 [==============>...............] - ETA: 7s - loss: 8.8390 - acc: 0.4516
2/2 [==============================] - 34s 17s/step - loss: 8.5702 - acc: 0.4683 - val_loss: 8.6974 - val_acc: 0.4604
Epoch 84/100

1/2 [==============>...............] - ETA: 6s - loss: 8.3190 - acc: 0.4839
2/2 [==============================] - 32s 16s/step - loss: 9.1147 - acc: 0.4345 - val_loss: 8.6974 - val_acc: 0.4604
Epoch 85/100

1/2 [==============>...............] - ETA: 17s - loss: 9.2553 - acc: 0.4258
2/2 [==============================] - 30s 15s/step - loss: 8.9332 - acc: 0.4458 - val_loss: 8.6974 - val_acc: 0.4604
Epoch 86/100

1/2 [==============>...............] - ETA: 20s - loss: 8.7516 - acc: 0.4570
2/2 [==============================] - 44s 22s/step - loss: 8.6887 - acc: 0.4609 - val_loss: 8.6974 - val_acc: 0.4604
Epoch 87/100

1/2 [==============>...............] - ETA: 16s - loss: 9.3183 - acc: 0.4219
2/2 [==============================] - 31s 16s/step - loss: 9.0428 - acc: 0.4390 - val_loss: 8.6974 - val_acc: 0.4604
Epoch 88/100

1/2 [==============>...............] - ETA: 18s - loss: 8.9405 - acc: 0.4453
2/2 [==============================] - 31s 15s/step - loss: 8.7513 - acc: 0.4571 - val_loss: 8.6974 - val_acc: 0.4604
Epoch 89/100

1/2 [==============>...............] - ETA: 19s - loss: 9.0664 - acc: 0.4375
2/2 [==============================] - 43s 21s/step - loss: 9.1294 - acc: 0.4336 - val_loss: 8.6974 - val_acc: 0.4604
Epoch 90/100

1/2 [==============>...............] - ETA: 16s - loss: 8.6257 - acc: 0.4648
2/2 [==============================] - 31s 16s/step - loss: 8.7889 - acc: 0.4547 - val_loss: 8.6974 - val_acc: 0.4604
Epoch 91/100

1/2 [==============>...............] - ETA: 18s - loss: 9.2553 - acc: 0.4258
2/2 [==============================] - 30s 15s/step - loss: 9.2259 - acc: 0.4276 - val_loss: 8.6974 - val_acc: 0.4604
Epoch 92/100

1/2 [==============>...............] - ETA: 20s - loss: 8.4998 - acc: 0.4727
2/2 [==============================] - 34s 17s/step - loss: 8.5698 - acc: 0.4683 - val_loss: 8.6974 - val_acc: 0.4604
Epoch 93/100

1/2 [==============>...............] - ETA: 17s - loss: 8.8146 - acc: 0.4531
2/2 [==============================] - 44s 22s/step - loss: 8.9720 - acc: 0.4434 - val_loss: 8.6974 - val_acc: 0.4604
Epoch 94/100

1/2 [==============>...............] - ETA: 16s - loss: 9.4442 - acc: 0.4141
2/2 [==============================] - 41s 20s/step - loss: 8.8775 - acc: 0.4492 - val_loss: 8.6974 - val_acc: 0.4604
Epoch 95/100

1/2 [==============>...............] - ETA: 8s - loss: 9.1856 - acc: 0.4301
2/2 [==============================] - 35s 17s/step - loss: 9.1167 - acc: 0.4344 - val_loss: 8.6974 - val_acc: 0.4604
Epoch 96/100

1/2 [==============>...............] - ETA: 7s - loss: 8.4923 - acc: 0.4731
2/2 [==============================] - 33s 16s/step - loss: 8.7513 - acc: 0.4571 - val_loss: 8.6974 - val_acc: 0.4604
Epoch 97/100

1/2 [==============>...............] - ETA: 16s - loss: 9.3812 - acc: 0.4180
2/2 [==============================] - 38s 19s/step - loss: 9.0350 - acc: 0.4395 - val_loss: 8.6974 - val_acc: 0.4604
Epoch 98/100

1/2 [==============>...............] - ETA: 8s - loss: 8.3190 - acc: 0.4839
2/2 [==============================] - 34s 17s/step - loss: 8.5690 - acc: 0.4684 - val_loss: 8.6974 - val_acc: 0.4604
Epoch 99/100

1/2 [==============>...............] - ETA: 7s - loss: 9.0123 - acc: 0.4409
2/2 [==============================] - 33s 16s/step - loss: 9.0436 - acc: 0.4389 - val_loss: 8.6974 - val_acc: 0.4604
Epoch 100/100

1/2 [==============>...............] - ETA: 7s - loss: 9.3589 - acc: 0.4194
2/2 [==============================] - 29s 14s/step - loss: 9.1535 - acc: 0.4321 - val_loss: 8.6974 - val_acc: 0.4604
[INFO] serializing network...
